<?xml version="1.0" encoding="UTF-8"?>
<!-- Generated by org.testng.reporters.JUnitXMLReporter -->
<testsuite ignored="0" hostname="Mushfeques-MBP" failures="0" tests="3" name="Test" time="0.103" errors="0" timestamp="2022-03-09T17:40:06 EST">
  <testcase classname="qaclickacademy.SeleniumTest" name="elementsUI" time="0.02"/>
  <testcase classname="qaclickacademy.RestAPITestCase" name="deleteTwitter" time="0.001"/>
  <testcase classname="qaclickacademy.RestAPITestCase" name="postJira" time="0.002"/>
</testsuite> <!-- Test -->
