<?xml version="1.0" encoding="UTF-8"?>
<!-- Generated by org.testng.reporters.JUnitXMLReporter -->
<testsuite ignored="0" hostname="Mushfeques-MBP" failures="0" tests="3" name="Command line test" time="0.045" errors="0" timestamp="2022-03-09T17:42:46 EST">
  <testcase classname="qaclickacademy.RestAPITestCase" name="deleteTwitter" time="0.004"/>
  <testcase classname="qaclickacademy.RestAPITestCase" name="postJira" time="0.0"/>
  <testcase classname="qaclickacademy.SeleniumTest" name="elementsUI" time="0.001"/>
</testsuite> <!-- Command line test -->
