<?xml version="1.0" encoding="UTF-8"?>
<!-- Generated by org.testng.reporters.JUnitXMLReporter -->
<testsuite ignored="0" hostname="Mushfeques-MBP" failures="0" tests="3" name="Test" time="0.044" errors="0" timestamp="2022-03-09T14:26:52 EST">
  <testcase classname="qaclickacademy.SeleniumTest" name="elementsUI" time="0.006"/>
  <testcase classname="qaclickacademy.RestAPITestCase" name="deleteTwitter" time="0.0"/>
  <testcase classname="qaclickacademy.RestAPITestCase" name="postJira" time="0.001"/>
</testsuite> <!-- Test -->
