<?xml version="1.0" encoding="UTF-8"?>
<testng-results ignored="0" total="3" passed="3" failed="0" skipped="0">
  <reporter-output>
  </reporter-output>
  <suite started-at="2022-03-09T17:42:46 EST" name="Command line suite" finished-at="2022-03-09T17:42:46 EST" duration-ms="45">
    <groups>
    </groups>
    <test started-at="2022-03-09T17:42:46 EST" name="Command line test" finished-at="2022-03-09T17:42:46 EST" duration-ms="45">
      <class name="qaclickacademy.RestAPITestCase">
        <test-method signature="deleteTwitter()[pri:0, instance:qaclickacademy.RestAPITestCase@5427c60c]" started-at="2022-03-09T17:42:46 EST" name="deleteTwitter" finished-at="2022-03-09T17:42:46 EST" duration-ms="4" status="PASS">
          <reporter-output>
          </reporter-output>
        </test-method> <!-- deleteTwitter -->
        <test-method signature="postJira()[pri:0, instance:qaclickacademy.RestAPITestCase@5427c60c]" started-at="2022-03-09T17:42:46 EST" name="postJira" finished-at="2022-03-09T17:42:46 EST" duration-ms="0" status="PASS">
          <reporter-output>
          </reporter-output>
        </test-method> <!-- postJira -->
      </class> <!-- qaclickacademy.RestAPITestCase -->
      <class name="qaclickacademy.SeleniumTest">
        <test-method signature="elementsUI()[pri:0, instance:qaclickacademy.SeleniumTest@17baae6e]" started-at="2022-03-09T17:42:46 EST" name="elementsUI" finished-at="2022-03-09T17:42:46 EST" duration-ms="1" status="PASS">
          <reporter-output>
          </reporter-output>
        </test-method> <!-- elementsUI -->
      </class> <!-- qaclickacademy.SeleniumTest -->
    </test> <!-- Command line test -->
  </suite> <!-- Command line suite -->
</testng-results>
