<?xml version="1.0" encoding="UTF-8"?>
<testng-results ignored="0" total="3" passed="3" failed="0" skipped="0">
  <reporter-output>
  </reporter-output>
  <suite started-at="2022-03-09T17:40:06 EST" name="Suite" finished-at="2022-03-09T17:40:06 EST" duration-ms="103">
    <groups>
    </groups>
    <test started-at="2022-03-09T17:40:06 EST" name="Test" finished-at="2022-03-09T17:40:06 EST" duration-ms="103">
      <class name="qaclickacademy.RestAPITestCase">
        <test-method signature="deleteTwitter()[pri:0, instance:qaclickacademy.RestAPITestCase@48aaecc3]" started-at="2022-03-09T17:40:06 EST" name="deleteTwitter" finished-at="2022-03-09T17:40:06 EST" duration-ms="1" status="PASS">
          <reporter-output>
          </reporter-output>
        </test-method> <!-- deleteTwitter -->
        <test-method signature="postJira()[pri:0, instance:qaclickacademy.RestAPITestCase@48aaecc3]" started-at="2022-03-09T17:40:06 EST" name="postJira" finished-at="2022-03-09T17:40:06 EST" duration-ms="2" status="PASS">
          <reporter-output>
          </reporter-output>
        </test-method> <!-- postJira -->
      </class> <!-- qaclickacademy.RestAPITestCase -->
      <class name="qaclickacademy.SeleniumTest">
        <test-method signature="elementsUI()[pri:0, instance:qaclickacademy.SeleniumTest@4313f5bc]" started-at="2022-03-09T17:40:06 EST" name="elementsUI" finished-at="2022-03-09T17:40:06 EST" duration-ms="20" status="PASS">
          <reporter-output>
          </reporter-output>
        </test-method> <!-- elementsUI -->
      </class> <!-- qaclickacademy.SeleniumTest -->
    </test> <!-- Test -->
  </suite> <!-- Suite -->
</testng-results>
